ARM GAS  C:\Users\86157\AppData\Local\Temp\ccr8n5FH.s 			page 1


   1              		.cpu cortex-m3
   2              		.arch armv7-m
   3              		.fpu softvfp
   4              		.eabi_attribute 20, 1
   5              		.eabi_attribute 21, 1
   6              		.eabi_attribute 23, 3
   7              		.eabi_attribute 24, 1
   8              		.eabi_attribute 25, 1
   9              		.eabi_attribute 26, 1
  10              		.eabi_attribute 30, 1
  11              		.eabi_attribute 34, 1
  12              		.eabi_attribute 18, 4
  13              		.file	"DAC.c"
  14              		.text
  15              	.Ltext0:
  16              		.cfi_sections	.debug_frame
  17              		.file 1 "HW/DAC/DAC.c"
  18              		.section	.text.DAC_Single_Init,"ax",%progbits
  19              		.align	1
  20              		.global	DAC_Single_Init
  21              		.syntax unified
  22              		.thumb
  23              		.thumb_func
  25              	DAC_Single_Init:
  26              	.LFB32:
   1:HW/DAC/DAC.c  **** #include"stdio.h"
   2:HW/DAC/DAC.c  **** #include"stm32f10x.h"
   3:HW/DAC/DAC.c  **** #include"stm32f10x_dac.h"
   4:HW/DAC/DAC.c  **** #include"delay.h"
   5:HW/DAC/DAC.c  **** #include"KEY.h"
   6:HW/DAC/DAC.c  **** 
   7:HW/DAC/DAC.c  **** __IO uint16_t DAC_Value = 0;
   8:HW/DAC/DAC.c  **** 
   9:HW/DAC/DAC.c  **** /* 初始化DAC输出（DAC1对应PA4） */
  10:HW/DAC/DAC.c  **** void DAC_Single_Init(){
  27              		.loc 1 10 23 view -0
  28              		.cfi_startproc
  29              		@ args = 0, pretend = 0, frame = 24
  30              		@ frame_needed = 0, uses_anonymous_args = 0
  31 0000 70B5     		push	{r4, r5, r6, lr}
  32              	.LCFI0:
  33              		.cfi_def_cfa_offset 16
  34              		.cfi_offset 4, -16
  35              		.cfi_offset 5, -12
  36              		.cfi_offset 6, -8
  37              		.cfi_offset 14, -4
  38 0002 86B0     		sub	sp, sp, #24
  39              	.LCFI1:
  40              		.cfi_def_cfa_offset 40
  11:HW/DAC/DAC.c  ****     /* 初始化GPIO */
  12:HW/DAC/DAC.c  ****     RCC_APB2PeriphClockCmd(RCC_APB2Periph_GPIOA, ENABLE);
  41              		.loc 1 12 5 view .LVU1
  42 0004 0121     		movs	r1, #1
  43 0006 0420     		movs	r0, #4
  44 0008 FFF7FEFF 		bl	RCC_APB2PeriphClockCmd
  45              	.LVL0:
  13:HW/DAC/DAC.c  ****     GPIO_InitTypeDef gpioDef;
ARM GAS  C:\Users\86157\AppData\Local\Temp\ccr8n5FH.s 			page 2


  46              		.loc 1 13 5 view .LVU2
  14:HW/DAC/DAC.c  ****     gpioDef.GPIO_Mode   = GPIO_Mode_AIN;  // 注意DAC要求GPIO配置为模拟输入
  47              		.loc 1 14 5 view .LVU3
  48              		.loc 1 14 25 is_stmt 0 view .LVU4
  49 000c 0024     		movs	r4, #0
  50 000e 8DF81740 		strb	r4, [sp, #23]
  15:HW/DAC/DAC.c  ****     gpioDef.GPIO_Pin    = GPIO_Pin_4;
  51              		.loc 1 15 5 is_stmt 1 view .LVU5
  52              		.loc 1 15 25 is_stmt 0 view .LVU6
  53 0012 1026     		movs	r6, #16
  54 0014 ADF81460 		strh	r6, [sp, #20]	@ movhi
  16:HW/DAC/DAC.c  ****     gpioDef.GPIO_Speed  = GPIO_Speed_50MHz;
  55              		.loc 1 16 5 is_stmt 1 view .LVU7
  56              		.loc 1 16 25 is_stmt 0 view .LVU8
  57 0018 0323     		movs	r3, #3
  58 001a 8DF81630 		strb	r3, [sp, #22]
  17:HW/DAC/DAC.c  ****     GPIO_Init(GPIOA, &gpioDef);
  59              		.loc 1 17 5 is_stmt 1 view .LVU9
  60 001e 104D     		ldr	r5, .L3
  61 0020 05A9     		add	r1, sp, #20
  62 0022 2846     		mov	r0, r5
  63 0024 FFF7FEFF 		bl	GPIO_Init
  64              	.LVL1:
  18:HW/DAC/DAC.c  ****     GPIO_SetBits(GPIOA, GPIO_Pin_4);            // 软件触发输出
  65              		.loc 1 18 5 view .LVU10
  66 0028 3146     		mov	r1, r6
  67 002a 2846     		mov	r0, r5
  68 002c FFF7FEFF 		bl	GPIO_SetBits
  69              	.LVL2:
  19:HW/DAC/DAC.c  ****     /* 初始化DAC */
  20:HW/DAC/DAC.c  ****     RCC_APB1PeriphClockCmd(RCC_APB1Periph_DAC, ENABLE);
  70              		.loc 1 20 5 view .LVU11
  71 0030 0121     		movs	r1, #1
  72 0032 4FF00050 		mov	r0, #536870912
  73 0036 FFF7FEFF 		bl	RCC_APB1PeriphClockCmd
  74              	.LVL3:
  21:HW/DAC/DAC.c  ****     DAC_InitTypeDef dacDef;
  75              		.loc 1 21 5 view .LVU12
  22:HW/DAC/DAC.c  ****     dacDef.DAC_LFSRUnmask_TriangleAmplitude = DAC_LFSRUnmask_Bit0;      // 输出三角波参数（
  76              		.loc 1 22 5 view .LVU13
  77              		.loc 1 22 45 is_stmt 0 view .LVU14
  78 003a 0394     		str	r4, [sp, #12]
  23:HW/DAC/DAC.c  ****     dacDef.DAC_OutputBuffer                 = DAC_OutputBuffer_Disable; // 不使能输出缓存（
  79              		.loc 1 23 5 is_stmt 1 view .LVU15
  80              		.loc 1 23 45 is_stmt 0 view .LVU16
  81 003c 0223     		movs	r3, #2
  82 003e 0493     		str	r3, [sp, #16]
  24:HW/DAC/DAC.c  ****     dacDef.DAC_Trigger                      = DAC_Trigger_None;         // DAC触发方式（软件
  83              		.loc 1 24 5 is_stmt 1 view .LVU17
  84              		.loc 1 24 45 is_stmt 0 view .LVU18
  85 0040 0194     		str	r4, [sp, #4]
  25:HW/DAC/DAC.c  ****     dacDef.DAC_WaveGeneration               = DAC_WaveGeneration_None;  // 输出三角波参数（
  86              		.loc 1 25 5 is_stmt 1 view .LVU19
  87              		.loc 1 25 45 is_stmt 0 view .LVU20
  88 0042 0294     		str	r4, [sp, #8]
  26:HW/DAC/DAC.c  ****     DAC_Init(DAC_Channel_1, &dacDef);
  89              		.loc 1 26 5 is_stmt 1 view .LVU21
ARM GAS  C:\Users\86157\AppData\Local\Temp\ccr8n5FH.s 			page 3


  90 0044 01A9     		add	r1, sp, #4
  91 0046 2046     		mov	r0, r4
  92 0048 FFF7FEFF 		bl	DAC_Init
  93              	.LVL4:
  27:HW/DAC/DAC.c  ****     /* 使能DAC */
  28:HW/DAC/DAC.c  ****     DAC_Cmd(DAC_Channel_1, ENABLE);
  94              		.loc 1 28 5 view .LVU22
  95 004c 0121     		movs	r1, #1
  96 004e 2046     		mov	r0, r4
  97 0050 FFF7FEFF 		bl	DAC_Cmd
  98              	.LVL5:
  29:HW/DAC/DAC.c  ****     /* 设置DAC的电压 */
  30:HW/DAC/DAC.c  ****     DAC_SetChannel1Data(DAC_Align_12b_R, 0);    // 12bit右对齐
  99              		.loc 1 30 5 view .LVU23
 100 0054 2146     		mov	r1, r4
 101 0056 2046     		mov	r0, r4
 102 0058 FFF7FEFF 		bl	DAC_SetChannel1Data
 103              	.LVL6:
  31:HW/DAC/DAC.c  **** }
 104              		.loc 1 31 1 is_stmt 0 view .LVU24
 105 005c 06B0     		add	sp, sp, #24
 106              	.LCFI2:
 107              		.cfi_def_cfa_offset 16
 108              		@ sp needed
 109 005e 70BD     		pop	{r4, r5, r6, pc}
 110              	.L4:
 111              		.align	2
 112              	.L3:
 113 0060 00080140 		.word	1073809408
 114              		.cfi_endproc
 115              	.LFE32:
 117              		.global	__aeabi_ui2f
 118              		.global	__aeabi_fdiv
 119              		.global	__aeabi_fmul
 120              		.global	__aeabi_f2d
 121              		.section	.rodata.DAC_Single_Run.str1.4,"aMS",%progbits,1
 122              		.align	2
 123              	.LC0:
 124 0000 4441435F 		.ascii	"DAC_Value = %.3fV\011ADC_Value = %.3fV\015\012\000"
 124      56616C75 
 124      65203D20 
 124      252E3366 
 124      56094144 
 125              		.section	.text.DAC_Single_Run,"ax",%progbits
 126              		.align	1
 127              		.global	DAC_Single_Run
 128              		.syntax unified
 129              		.thumb
 130              		.thumb_func
 132              	DAC_Single_Run:
 133              	.LFB33:
  32:HW/DAC/DAC.c  **** 
  33:HW/DAC/DAC.c  **** extern void ADC_Single_Init();  // 注意ADC选择用DMA读取
  34:HW/DAC/DAC.c  **** extern __IO uint16_t ADC_Value;
  35:HW/DAC/DAC.c  **** extern void USART1_Init();
  36:HW/DAC/DAC.c  **** 
  37:HW/DAC/DAC.c  **** void DAC_Single_Run(){
ARM GAS  C:\Users\86157\AppData\Local\Temp\ccr8n5FH.s 			page 4


 134              		.loc 1 37 22 is_stmt 1 view -0
 135              		.cfi_startproc
 136              		@ args = 0, pretend = 0, frame = 0
 137              		@ frame_needed = 0, uses_anonymous_args = 0
 138 0000 70B5     		push	{r4, r5, r6, lr}
 139              	.LCFI3:
 140              		.cfi_def_cfa_offset 16
 141              		.cfi_offset 4, -16
 142              		.cfi_offset 5, -12
 143              		.cfi_offset 6, -8
 144              		.cfi_offset 14, -4
 145 0002 82B0     		sub	sp, sp, #8
 146              	.LCFI4:
 147              		.cfi_def_cfa_offset 24
  38:HW/DAC/DAC.c  ****     USART1_Init();
 148              		.loc 1 38 5 view .LVU26
 149 0004 FFF7FEFF 		bl	USART1_Init
 150              	.LVL7:
  39:HW/DAC/DAC.c  ****     KEY_Init();
 151              		.loc 1 39 5 view .LVU27
 152 0008 FFF7FEFF 		bl	KEY_Init
 153              	.LVL8:
  40:HW/DAC/DAC.c  ****     delay_init();
 154              		.loc 1 40 5 view .LVU28
 155 000c FFF7FEFF 		bl	delay_init
 156              	.LVL9:
  41:HW/DAC/DAC.c  ****     ADC_Single_Init();
 157              		.loc 1 41 5 view .LVU29
 158 0010 FFF7FEFF 		bl	ADC_Single_Init
 159              	.LVL10:
  42:HW/DAC/DAC.c  ****     DAC_Single_Init();
 160              		.loc 1 42 5 view .LVU30
 161 0014 FFF7FEFF 		bl	DAC_Single_Init
 162              	.LVL11:
 163 0018 39E0     		b	.L6
 164              	.LVL12:
 165              	.L14:
 166              	.LBB2:
  43:HW/DAC/DAC.c  **** 
  44:HW/DAC/DAC.c  ****     while(1){
  45:HW/DAC/DAC.c  ****         KEY_STATUS_t key = KEY_Scan(KEY_SCAN_ONCE);
  46:HW/DAC/DAC.c  ****         if(key == KEY0_PRESS){  // -100
  47:HW/DAC/DAC.c  ****             DAC_Value = (DAC_Value <= 100)? 0 : (DAC_Value - 100); 
 167              		.loc 1 47 13 view .LVU31
 168              		.loc 1 47 36 is_stmt 0 view .LVU32
 169 001a 414B     		ldr	r3, .L15
 170 001c 1B88     		ldrh	r3, [r3]
 171 001e 9BB2     		uxth	r3, r3
 172              		.loc 1 47 23 view .LVU33
 173 0020 642B     		cmp	r3, #100
 174 0022 48D9     		bls	.L11
 175              		.loc 1 47 60 discriminator 1 view .LVU34
 176 0024 3E4B     		ldr	r3, .L15
 177 0026 1B88     		ldrh	r3, [r3]
 178 0028 9BB2     		uxth	r3, r3
 179              		.loc 1 47 23 discriminator 1 view .LVU35
 180 002a 643B     		subs	r3, r3, #100
ARM GAS  C:\Users\86157\AppData\Local\Temp\ccr8n5FH.s 			page 5


 181 002c 9BB2     		uxth	r3, r3
 182              	.L8:
 183              		.loc 1 47 23 discriminator 4 view .LVU36
 184 002e 3C4C     		ldr	r4, .L15
 185 0030 2380     		strh	r3, [r4]	@ movhi
  48:HW/DAC/DAC.c  ****             DAC_SetChannel1Data(DAC_Align_12b_R, DAC_Value);
 186              		.loc 1 48 13 is_stmt 1 discriminator 4 view .LVU37
 187 0032 2188     		ldrh	r1, [r4]
 188 0034 89B2     		uxth	r1, r1
 189 0036 0020     		movs	r0, #0
 190              	.LVL13:
 191              		.loc 1 48 13 is_stmt 0 discriminator 4 view .LVU38
 192 0038 FFF7FEFF 		bl	DAC_SetChannel1Data
 193              	.LVL14:
  49:HW/DAC/DAC.c  ****             delay_ms(5);
 194              		.loc 1 49 13 is_stmt 1 discriminator 4 view .LVU39
 195 003c 0520     		movs	r0, #5
 196 003e FFF7FEFF 		bl	delay_ms
 197              	.LVL15:
  50:HW/DAC/DAC.c  ****             printf("DAC_Value = %.3fV\tADC_Value = %.3fV\r\n", 3.3f * ((float)DAC_Value / 4095), 3.
 198              		.loc 1 50 13 discriminator 4 view .LVU40
 199              		.loc 1 50 72 is_stmt 0 discriminator 4 view .LVU41
 200 0042 2088     		ldrh	r0, [r4]
 201 0044 80B2     		uxth	r0, r0
 202 0046 FFF7FEFF 		bl	__aeabi_ui2f
 203              	.LVL16:
 204              		.loc 1 50 89 discriminator 4 view .LVU42
 205 004a 3649     		ldr	r1, .L15+4
 206 004c FFF7FEFF 		bl	__aeabi_fdiv
 207              	.LVL17:
 208              		.loc 1 50 69 discriminator 4 view .LVU43
 209 0050 3549     		ldr	r1, .L15+8
 210 0052 FFF7FEFF 		bl	__aeabi_fmul
 211              	.LVL18:
 212 0056 0446     		mov	r4, r0
 213              		.loc 1 50 106 discriminator 4 view .LVU44
 214 0058 344B     		ldr	r3, .L15+12
 215 005a 1888     		ldrh	r0, [r3]
 216 005c 80B2     		uxth	r0, r0
 217 005e FFF7FEFF 		bl	__aeabi_ui2f
 218              	.LVL19:
 219              		.loc 1 50 123 discriminator 4 view .LVU45
 220 0062 3049     		ldr	r1, .L15+4
 221 0064 FFF7FEFF 		bl	__aeabi_fdiv
 222              	.LVL20:
 223              		.loc 1 50 103 discriminator 4 view .LVU46
 224 0068 2F49     		ldr	r1, .L15+8
 225 006a FFF7FEFF 		bl	__aeabi_fmul
 226              	.LVL21:
 227 006e 0646     		mov	r6, r0
 228              		.loc 1 50 13 discriminator 4 view .LVU47
 229 0070 2046     		mov	r0, r4
 230 0072 FFF7FEFF 		bl	__aeabi_f2d
 231              	.LVL22:
 232 0076 0446     		mov	r4, r0
 233 0078 0D46     		mov	r5, r1
 234 007a 3046     		mov	r0, r6
ARM GAS  C:\Users\86157\AppData\Local\Temp\ccr8n5FH.s 			page 6


 235 007c FFF7FEFF 		bl	__aeabi_f2d
 236              	.LVL23:
 237 0080 CDE90001 		strd	r0, [sp]
 238 0084 2246     		mov	r2, r4
 239 0086 2B46     		mov	r3, r5
 240 0088 2948     		ldr	r0, .L15+16
 241 008a FFF7FEFF 		bl	printf
 242              	.LVL24:
 243              	.L6:
 244              		.loc 1 50 13 discriminator 4 view .LVU48
 245              	.LBE2:
  44:HW/DAC/DAC.c  ****         KEY_STATUS_t key = KEY_Scan(KEY_SCAN_ONCE);
 246              		.loc 1 44 5 is_stmt 1 view .LVU49
 247              	.LBB3:
  45:HW/DAC/DAC.c  ****         if(key == KEY0_PRESS){  // -100
 248              		.loc 1 45 9 view .LVU50
  45:HW/DAC/DAC.c  ****         if(key == KEY0_PRESS){  // -100
 249              		.loc 1 45 28 is_stmt 0 view .LVU51
 250 008e 0120     		movs	r0, #1
 251 0090 FFF7FEFF 		bl	KEY_Scan
 252              	.LVL25:
  46:HW/DAC/DAC.c  ****             DAC_Value = (DAC_Value <= 100)? 0 : (DAC_Value - 100); 
 253              		.loc 1 46 9 is_stmt 1 view .LVU52
  46:HW/DAC/DAC.c  ****             DAC_Value = (DAC_Value <= 100)? 0 : (DAC_Value - 100); 
 254              		.loc 1 46 11 is_stmt 0 view .LVU53
 255 0094 0128     		cmp	r0, #1
 256 0096 C0D0     		beq	.L14
  51:HW/DAC/DAC.c  ****         }else if(key == KEY1_PRESS){
 257              		.loc 1 51 15 is_stmt 1 view .LVU54
 258              		.loc 1 51 17 is_stmt 0 view .LVU55
 259 0098 0228     		cmp	r0, #2
 260 009a F8D1     		bne	.L6
  52:HW/DAC/DAC.c  ****             DAC_Value = (DAC_Value >= 4095 - 100)? 4095 : (DAC_Value + 100); 
 261              		.loc 1 52 13 is_stmt 1 view .LVU56
 262              		.loc 1 52 36 is_stmt 0 view .LVU57
 263 009c 204B     		ldr	r3, .L15
 264 009e 1B88     		ldrh	r3, [r3]
 265 00a0 9BB2     		uxth	r3, r3
 266              		.loc 1 52 23 view .LVU58
 267 00a2 40F69A72 		movw	r2, #3994
 268 00a6 9342     		cmp	r3, r2
 269 00a8 07D8     		bhi	.L12
 270              		.loc 1 52 70 discriminator 1 view .LVU59
 271 00aa 1D4B     		ldr	r3, .L15
 272 00ac 1B88     		ldrh	r3, [r3]
 273 00ae 9BB2     		uxth	r3, r3
 274              		.loc 1 52 23 discriminator 1 view .LVU60
 275 00b0 6433     		adds	r3, r3, #100
 276 00b2 9BB2     		uxth	r3, r3
 277 00b4 03E0     		b	.L10
 278              	.L11:
  47:HW/DAC/DAC.c  ****             DAC_SetChannel1Data(DAC_Align_12b_R, DAC_Value);
 279              		.loc 1 47 23 view .LVU61
 280 00b6 0023     		movs	r3, #0
 281 00b8 B9E7     		b	.L8
 282              	.L12:
 283              		.loc 1 52 23 view .LVU62
ARM GAS  C:\Users\86157\AppData\Local\Temp\ccr8n5FH.s 			page 7


 284 00ba 40F6FF73 		movw	r3, #4095
 285              	.L10:
 286              		.loc 1 52 23 discriminator 4 view .LVU63
 287 00be 184C     		ldr	r4, .L15
 288 00c0 2380     		strh	r3, [r4]	@ movhi
  53:HW/DAC/DAC.c  ****             DAC_SetChannel1Data(DAC_Align_12b_R, DAC_Value); 
 289              		.loc 1 53 13 is_stmt 1 discriminator 4 view .LVU64
 290 00c2 2188     		ldrh	r1, [r4]
 291 00c4 89B2     		uxth	r1, r1
 292 00c6 0020     		movs	r0, #0
 293              	.LVL26:
 294              		.loc 1 53 13 is_stmt 0 discriminator 4 view .LVU65
 295 00c8 FFF7FEFF 		bl	DAC_SetChannel1Data
 296              	.LVL27:
  54:HW/DAC/DAC.c  ****             delay_ms(5);
 297              		.loc 1 54 13 is_stmt 1 discriminator 4 view .LVU66
 298 00cc 0520     		movs	r0, #5
 299 00ce FFF7FEFF 		bl	delay_ms
 300              	.LVL28:
  55:HW/DAC/DAC.c  ****             printf("DAC_Value = %.3fV\tADC_Value = %.3fV\r\n", 3.3f * ((float)DAC_Value / 4095), 3.
 301              		.loc 1 55 13 discriminator 4 view .LVU67
 302              		.loc 1 55 72 is_stmt 0 discriminator 4 view .LVU68
 303 00d2 2088     		ldrh	r0, [r4]
 304 00d4 80B2     		uxth	r0, r0
 305 00d6 FFF7FEFF 		bl	__aeabi_ui2f
 306              	.LVL29:
 307              		.loc 1 55 89 discriminator 4 view .LVU69
 308 00da 1249     		ldr	r1, .L15+4
 309 00dc FFF7FEFF 		bl	__aeabi_fdiv
 310              	.LVL30:
 311              		.loc 1 55 69 discriminator 4 view .LVU70
 312 00e0 1149     		ldr	r1, .L15+8
 313 00e2 FFF7FEFF 		bl	__aeabi_fmul
 314              	.LVL31:
 315 00e6 0446     		mov	r4, r0
 316              		.loc 1 55 106 discriminator 4 view .LVU71
 317 00e8 104B     		ldr	r3, .L15+12
 318 00ea 1888     		ldrh	r0, [r3]
 319 00ec 80B2     		uxth	r0, r0
 320 00ee FFF7FEFF 		bl	__aeabi_ui2f
 321              	.LVL32:
 322              		.loc 1 55 123 discriminator 4 view .LVU72
 323 00f2 0C49     		ldr	r1, .L15+4
 324 00f4 FFF7FEFF 		bl	__aeabi_fdiv
 325              	.LVL33:
 326              		.loc 1 55 103 discriminator 4 view .LVU73
 327 00f8 0B49     		ldr	r1, .L15+8
 328 00fa FFF7FEFF 		bl	__aeabi_fmul
 329              	.LVL34:
 330 00fe 0646     		mov	r6, r0
 331              		.loc 1 55 13 discriminator 4 view .LVU74
 332 0100 2046     		mov	r0, r4
 333 0102 FFF7FEFF 		bl	__aeabi_f2d
 334              	.LVL35:
 335 0106 0446     		mov	r4, r0
 336 0108 0D46     		mov	r5, r1
 337 010a 3046     		mov	r0, r6
ARM GAS  C:\Users\86157\AppData\Local\Temp\ccr8n5FH.s 			page 8


 338 010c FFF7FEFF 		bl	__aeabi_f2d
 339              	.LVL36:
 340 0110 CDE90001 		strd	r0, [sp]
 341 0114 2246     		mov	r2, r4
 342 0116 2B46     		mov	r3, r5
 343 0118 0548     		ldr	r0, .L15+16
 344 011a FFF7FEFF 		bl	printf
 345              	.LVL37:
 346 011e B6E7     		b	.L6
 347              	.L16:
 348              		.align	2
 349              	.L15:
 350 0120 00000000 		.word	DAC_Value
 351 0124 00F07F45 		.word	1166012416
 352 0128 33335340 		.word	1079194419
 353 012c 00000000 		.word	ADC_Value
 354 0130 00000000 		.word	.LC0
 355              	.LBE3:
 356              		.cfi_endproc
 357              	.LFE33:
 359              		.global	DAC_Value
 360              		.section	.bss.DAC_Value,"aw",%nobits
 361              		.align	1
 364              	DAC_Value:
 365 0000 0000     		.space	2
 366              		.text
 367              	.Letext0:
 368              		.file 2 "e:\\windows\\programs\\arm-gnu-toolchain-12.2.mpacbti-bet1-mingw-w64-i686-arm-none-eabi\\
 369              		.file 3 "e:\\windows\\programs\\arm-gnu-toolchain-12.2.mpacbti-bet1-mingw-w64-i686-arm-none-eabi\\
 370              		.file 4 "USER/stm32f10x.h"
 371              		.file 5 "STM32F10x_FWLib/inc/stm32f10x_dac.h"
 372              		.file 6 "STM32F10x_FWLib/inc/stm32f10x_gpio.h"
 373              		.file 7 "HW/KEY/KEY.h"
 374              		.file 8 "e:\\windows\\programs\\arm-gnu-toolchain-12.2.mpacbti-bet1-mingw-w64-i686-arm-none-eabi\\
 375              		.file 9 "SYSTEM/delay/delay.h"
 376              		.file 10 "STM32F10x_FWLib/inc/stm32f10x_rcc.h"
ARM GAS  C:\Users\86157\AppData\Local\Temp\ccr8n5FH.s 			page 9


DEFINED SYMBOLS
                            *ABS*:00000000 DAC.c
C:\Users\86157\AppData\Local\Temp\ccr8n5FH.s:19     .text.DAC_Single_Init:00000000 $t
C:\Users\86157\AppData\Local\Temp\ccr8n5FH.s:25     .text.DAC_Single_Init:00000000 DAC_Single_Init
C:\Users\86157\AppData\Local\Temp\ccr8n5FH.s:113    .text.DAC_Single_Init:00000060 $d
C:\Users\86157\AppData\Local\Temp\ccr8n5FH.s:122    .rodata.DAC_Single_Run.str1.4:00000000 $d
C:\Users\86157\AppData\Local\Temp\ccr8n5FH.s:126    .text.DAC_Single_Run:00000000 $t
C:\Users\86157\AppData\Local\Temp\ccr8n5FH.s:132    .text.DAC_Single_Run:00000000 DAC_Single_Run
C:\Users\86157\AppData\Local\Temp\ccr8n5FH.s:350    .text.DAC_Single_Run:00000120 $d
C:\Users\86157\AppData\Local\Temp\ccr8n5FH.s:364    .bss.DAC_Value:00000000 DAC_Value
C:\Users\86157\AppData\Local\Temp\ccr8n5FH.s:361    .bss.DAC_Value:00000000 $d

UNDEFINED SYMBOLS
RCC_APB2PeriphClockCmd
GPIO_Init
GPIO_SetBits
RCC_APB1PeriphClockCmd
DAC_Init
DAC_Cmd
DAC_SetChannel1Data
__aeabi_ui2f
__aeabi_fdiv
__aeabi_fmul
__aeabi_f2d
USART1_Init
KEY_Init
delay_init
ADC_Single_Init
delay_ms
printf
KEY_Scan
ADC_Value
