ARM GAS  C:\Users\86157\AppData\Local\Temp\ccHEUIEd.s 			page 1


   1              		.cpu cortex-m3
   2              		.arch armv7-m
   3              		.fpu softvfp
   4              		.eabi_attribute 20, 1
   5              		.eabi_attribute 21, 1
   6              		.eabi_attribute 23, 3
   7              		.eabi_attribute 24, 1
   8              		.eabi_attribute 25, 1
   9              		.eabi_attribute 26, 1
  10              		.eabi_attribute 30, 1
  11              		.eabi_attribute 34, 1
  12              		.eabi_attribute 18, 4
  13              		.file	"exti.c"
  14              		.text
  15              	.Ltext0:
  16              		.cfi_sections	.debug_frame
  17              		.file 1 "HW/EXTI/exti.c"
  18              		.section	.text.EXTIX_Init,"ax",%progbits
  19              		.align	1
  20              		.global	EXTIX_Init
  21              		.syntax unified
  22              		.thumb
  23              		.thumb_func
  25              	EXTIX_Init:
  26              	.LFB29:
   1:HW/EXTI/exti.c **** #include"stm32f10x.h"
   2:HW/EXTI/exti.c **** #include"delay.h"
   3:HW/EXTI/exti.c **** #include"stm32f10x_exti.h"
   4:HW/EXTI/exti.c **** 
   5:HW/EXTI/exti.c **** 
   6:HW/EXTI/exti.c **** void EXTIX_Init(){
  27              		.loc 1 6 18 view -0
  28              		.cfi_startproc
  29              		@ args = 0, pretend = 0, frame = 40
  30              		@ frame_needed = 0, uses_anonymous_args = 0
  31 0000 70B5     		push	{r4, r5, r6, lr}
  32              	.LCFI0:
  33              		.cfi_def_cfa_offset 16
  34              		.cfi_offset 4, -16
  35              		.cfi_offset 5, -12
  36              		.cfi_offset 6, -8
  37              		.cfi_offset 14, -4
  38 0002 8AB0     		sub	sp, sp, #40
  39              	.LCFI1:
  40              		.cfi_def_cfa_offset 56
   7:HW/EXTI/exti.c ****     /* 使能AFIO寄存器的时钟 */
   8:HW/EXTI/exti.c ****     RCC_APB2PeriphClockCmd(RCC_APB2Periph_AFIO, ENABLE);
  41              		.loc 1 8 5 view .LVU1
  42 0004 0121     		movs	r1, #1
  43 0006 0846     		mov	r0, r1
  44 0008 FFF7FEFF 		bl	RCC_APB2PeriphClockCmd
  45              	.LVL0:
   9:HW/EXTI/exti.c **** 
  10:HW/EXTI/exti.c ****     /* 中断线映射 */
  11:HW/EXTI/exti.c ****     GPIO_EXTILineConfig(GPIO_PortSourceGPIOA, GPIO_PinSource0); // GPIOA_Pin0映射到中断线0
  46              		.loc 1 11 5 view .LVU2
  47 000c 0021     		movs	r1, #0
ARM GAS  C:\Users\86157\AppData\Local\Temp\ccHEUIEd.s 			page 2


  48 000e 0846     		mov	r0, r1
  49 0010 FFF7FEFF 		bl	GPIO_EXTILineConfig
  50              	.LVL1:
  12:HW/EXTI/exti.c ****     GPIO_EXTILineConfig(GPIO_PortSourceGPIOE, GPIO_PinSource3); // GPIOE_Pin3映射到中断线3
  51              		.loc 1 12 5 view .LVU3
  52 0014 0321     		movs	r1, #3
  53 0016 0420     		movs	r0, #4
  54 0018 FFF7FEFF 		bl	GPIO_EXTILineConfig
  55              	.LVL2:
  13:HW/EXTI/exti.c ****     GPIO_EXTILineConfig(GPIO_PortSourceGPIOE, GPIO_PinSource4); // GPIOE_Pin4映射到中断线4
  56              		.loc 1 13 5 view .LVU4
  57 001c 0421     		movs	r1, #4
  58 001e 0846     		mov	r0, r1
  59 0020 FFF7FEFF 		bl	GPIO_EXTILineConfig
  60              	.LVL3:
  14:HW/EXTI/exti.c **** 
  15:HW/EXTI/exti.c ****     /* 初始化中断线 */
  16:HW/EXTI/exti.c ****     EXTI_InitTypeDef exti0Def;
  61              		.loc 1 16 5 view .LVU5
  17:HW/EXTI/exti.c ****     exti0Def.EXTI_Line    = EXTI_Line0;
  62              		.loc 1 17 5 view .LVU6
  63              		.loc 1 17 27 is_stmt 0 view .LVU7
  64 0024 0124     		movs	r4, #1
  65 0026 0894     		str	r4, [sp, #32]
  18:HW/EXTI/exti.c ****     exti0Def.EXTI_LineCmd = ENABLE;
  66              		.loc 1 18 5 is_stmt 1 view .LVU8
  67              		.loc 1 18 27 is_stmt 0 view .LVU9
  68 0028 8DF82640 		strb	r4, [sp, #38]
  19:HW/EXTI/exti.c ****     exti0Def.EXTI_Mode    = EXTI_Mode_Interrupt;
  69              		.loc 1 19 5 is_stmt 1 view .LVU10
  70              		.loc 1 19 27 is_stmt 0 view .LVU11
  71 002c 0025     		movs	r5, #0
  72 002e 8DF82450 		strb	r5, [sp, #36]
  20:HW/EXTI/exti.c ****     exti0Def.EXTI_Trigger = EXTI_Trigger_Rising;
  73              		.loc 1 20 5 is_stmt 1 view .LVU12
  74              		.loc 1 20 27 is_stmt 0 view .LVU13
  75 0032 0826     		movs	r6, #8
  76 0034 8DF82560 		strb	r6, [sp, #37]
  21:HW/EXTI/exti.c ****     EXTI_Init(&exti0Def);
  77              		.loc 1 21 5 is_stmt 1 view .LVU14
  78 0038 08A8     		add	r0, sp, #32
  79 003a FFF7FEFF 		bl	EXTI_Init
  80              	.LVL4:
  22:HW/EXTI/exti.c **** 
  23:HW/EXTI/exti.c ****     EXTI_InitTypeDef exti3Def;
  81              		.loc 1 23 5 view .LVU15
  24:HW/EXTI/exti.c ****     exti3Def.EXTI_Line    = EXTI_Line3;
  82              		.loc 1 24 5 view .LVU16
  83              		.loc 1 24 27 is_stmt 0 view .LVU17
  84 003e 0696     		str	r6, [sp, #24]
  25:HW/EXTI/exti.c ****     exti3Def.EXTI_LineCmd = ENABLE;
  85              		.loc 1 25 5 is_stmt 1 view .LVU18
  86              		.loc 1 25 27 is_stmt 0 view .LVU19
  87 0040 8DF81E40 		strb	r4, [sp, #30]
  26:HW/EXTI/exti.c ****     exti3Def.EXTI_Mode    = EXTI_Mode_Interrupt;
  88              		.loc 1 26 5 is_stmt 1 view .LVU20
  89              		.loc 1 26 27 is_stmt 0 view .LVU21
ARM GAS  C:\Users\86157\AppData\Local\Temp\ccHEUIEd.s 			page 3


  90 0044 8DF81C50 		strb	r5, [sp, #28]
  27:HW/EXTI/exti.c ****     exti3Def.EXTI_Trigger = EXTI_Trigger_Falling;
  91              		.loc 1 27 5 is_stmt 1 view .LVU22
  92              		.loc 1 27 27 is_stmt 0 view .LVU23
  93 0048 0C26     		movs	r6, #12
  94 004a 8DF81D60 		strb	r6, [sp, #29]
  28:HW/EXTI/exti.c ****     EXTI_Init(&exti3Def);
  95              		.loc 1 28 5 is_stmt 1 view .LVU24
  96 004e 06A8     		add	r0, sp, #24
  97 0050 FFF7FEFF 		bl	EXTI_Init
  98              	.LVL5:
  29:HW/EXTI/exti.c **** 
  30:HW/EXTI/exti.c ****     EXTI_InitTypeDef exti4Def;
  99              		.loc 1 30 5 view .LVU25
  31:HW/EXTI/exti.c ****     exti4Def.EXTI_Line    = EXTI_Line4;
 100              		.loc 1 31 5 view .LVU26
 101              		.loc 1 31 27 is_stmt 0 view .LVU27
 102 0054 1023     		movs	r3, #16
 103 0056 0493     		str	r3, [sp, #16]
  32:HW/EXTI/exti.c ****     exti4Def.EXTI_LineCmd = ENABLE;
 104              		.loc 1 32 5 is_stmt 1 view .LVU28
 105              		.loc 1 32 27 is_stmt 0 view .LVU29
 106 0058 8DF81640 		strb	r4, [sp, #22]
  33:HW/EXTI/exti.c ****     exti4Def.EXTI_Mode    = EXTI_Mode_Interrupt;
 107              		.loc 1 33 5 is_stmt 1 view .LVU30
 108              		.loc 1 33 27 is_stmt 0 view .LVU31
 109 005c 8DF81450 		strb	r5, [sp, #20]
  34:HW/EXTI/exti.c ****     exti4Def.EXTI_Trigger = EXTI_Trigger_Falling;
 110              		.loc 1 34 5 is_stmt 1 view .LVU32
 111              		.loc 1 34 27 is_stmt 0 view .LVU33
 112 0060 8DF81560 		strb	r6, [sp, #21]
  35:HW/EXTI/exti.c ****     EXTI_Init(&exti4Def);
 113              		.loc 1 35 5 is_stmt 1 view .LVU34
 114 0064 0DEB0300 		add	r0, sp, r3
 115 0068 FFF7FEFF 		bl	EXTI_Init
 116              	.LVL6:
  36:HW/EXTI/exti.c **** 
  37:HW/EXTI/exti.c ****     /* 配置中断优先级 */
  38:HW/EXTI/exti.c ****     NVIC_InitTypeDef nvic0Def;
 117              		.loc 1 38 5 view .LVU35
  39:HW/EXTI/exti.c ****     nvic0Def.NVIC_IRQChannel = EXTI0_IRQn;
 118              		.loc 1 39 5 view .LVU36
 119              		.loc 1 39 30 is_stmt 0 view .LVU37
 120 006c 0623     		movs	r3, #6
 121 006e 8DF80C30 		strb	r3, [sp, #12]
  40:HW/EXTI/exti.c ****     nvic0Def.NVIC_IRQChannelCmd = ENABLE;
 122              		.loc 1 40 5 is_stmt 1 view .LVU38
 123              		.loc 1 40 33 is_stmt 0 view .LVU39
 124 0072 8DF80F40 		strb	r4, [sp, #15]
  41:HW/EXTI/exti.c ****     nvic0Def.NVIC_IRQChannelPreemptionPriority = 2;
 125              		.loc 1 41 5 is_stmt 1 view .LVU40
 126              		.loc 1 41 48 is_stmt 0 view .LVU41
 127 0076 0226     		movs	r6, #2
 128 0078 8DF80D60 		strb	r6, [sp, #13]
  42:HW/EXTI/exti.c ****     nvic0Def.NVIC_IRQChannelSubPriority = 2;
 129              		.loc 1 42 5 is_stmt 1 view .LVU42
 130              		.loc 1 42 41 is_stmt 0 view .LVU43
ARM GAS  C:\Users\86157\AppData\Local\Temp\ccHEUIEd.s 			page 4


 131 007c 8DF80E60 		strb	r6, [sp, #14]
  43:HW/EXTI/exti.c ****     NVIC_Init(&nvic0Def);
 132              		.loc 1 43 5 is_stmt 1 view .LVU44
 133 0080 03A8     		add	r0, sp, #12
 134 0082 FFF7FEFF 		bl	NVIC_Init
 135              	.LVL7:
  44:HW/EXTI/exti.c ****     
  45:HW/EXTI/exti.c ****     NVIC_InitTypeDef nvic3Def;
 136              		.loc 1 45 5 view .LVU45
  46:HW/EXTI/exti.c ****     nvic3Def.NVIC_IRQChannel = EXTI3_IRQn;
 137              		.loc 1 46 5 view .LVU46
 138              		.loc 1 46 30 is_stmt 0 view .LVU47
 139 0086 0923     		movs	r3, #9
 140 0088 8DF80830 		strb	r3, [sp, #8]
  47:HW/EXTI/exti.c ****     nvic3Def.NVIC_IRQChannelCmd = ENABLE;
 141              		.loc 1 47 5 is_stmt 1 view .LVU48
 142              		.loc 1 47 33 is_stmt 0 view .LVU49
 143 008c 8DF80B40 		strb	r4, [sp, #11]
  48:HW/EXTI/exti.c ****     nvic3Def.NVIC_IRQChannelPreemptionPriority = 2;
 144              		.loc 1 48 5 is_stmt 1 view .LVU50
 145              		.loc 1 48 48 is_stmt 0 view .LVU51
 146 0090 8DF80960 		strb	r6, [sp, #9]
  49:HW/EXTI/exti.c ****     nvic3Def.NVIC_IRQChannelSubPriority = 1;
 147              		.loc 1 49 5 is_stmt 1 view .LVU52
 148              		.loc 1 49 41 is_stmt 0 view .LVU53
 149 0094 8DF80A40 		strb	r4, [sp, #10]
  50:HW/EXTI/exti.c ****     NVIC_Init(&nvic3Def);
 150              		.loc 1 50 5 is_stmt 1 view .LVU54
 151 0098 02A8     		add	r0, sp, #8
 152 009a FFF7FEFF 		bl	NVIC_Init
 153              	.LVL8:
  51:HW/EXTI/exti.c **** 
  52:HW/EXTI/exti.c ****     NVIC_InitTypeDef nvic4Def;
 154              		.loc 1 52 5 view .LVU55
  53:HW/EXTI/exti.c ****     nvic4Def.NVIC_IRQChannel = EXTI4_IRQn;
 155              		.loc 1 53 5 view .LVU56
 156              		.loc 1 53 30 is_stmt 0 view .LVU57
 157 009e 0A23     		movs	r3, #10
 158 00a0 8DF80430 		strb	r3, [sp, #4]
  54:HW/EXTI/exti.c ****     nvic4Def.NVIC_IRQChannelCmd = ENABLE;
 159              		.loc 1 54 5 is_stmt 1 view .LVU58
 160              		.loc 1 54 33 is_stmt 0 view .LVU59
 161 00a4 8DF80740 		strb	r4, [sp, #7]
  55:HW/EXTI/exti.c ****     nvic4Def.NVIC_IRQChannelPreemptionPriority = 2;
 162              		.loc 1 55 5 is_stmt 1 view .LVU60
 163              		.loc 1 55 48 is_stmt 0 view .LVU61
 164 00a8 8DF80560 		strb	r6, [sp, #5]
  56:HW/EXTI/exti.c ****     nvic4Def.NVIC_IRQChannelSubPriority = 0;
 165              		.loc 1 56 5 is_stmt 1 view .LVU62
 166              		.loc 1 56 41 is_stmt 0 view .LVU63
 167 00ac 8DF80650 		strb	r5, [sp, #6]
  57:HW/EXTI/exti.c ****     NVIC_Init(&nvic4Def);
 168              		.loc 1 57 5 is_stmt 1 view .LVU64
 169 00b0 01A8     		add	r0, sp, #4
 170 00b2 FFF7FEFF 		bl	NVIC_Init
 171              	.LVL9:
  58:HW/EXTI/exti.c **** }
ARM GAS  C:\Users\86157\AppData\Local\Temp\ccHEUIEd.s 			page 5


 172              		.loc 1 58 1 is_stmt 0 view .LVU65
 173 00b6 0AB0     		add	sp, sp, #40
 174              	.LCFI2:
 175              		.cfi_def_cfa_offset 16
 176              		@ sp needed
 177 00b8 70BD     		pop	{r4, r5, r6, pc}
 178              		.cfi_endproc
 179              	.LFE29:
 181              		.section	.text.EXTI0_IRQHandler,"ax",%progbits
 182              		.align	1
 183              		.global	EXTI0_IRQHandler
 184              		.syntax unified
 185              		.thumb
 186              		.thumb_func
 188              	EXTI0_IRQHandler:
 189              	.LFB30:
  59:HW/EXTI/exti.c **** 
  60:HW/EXTI/exti.c **** 
  61:HW/EXTI/exti.c **** /* KEY与LED灯寄存器 */
  62:HW/EXTI/exti.c **** #define KEY0  GPIO_ReadInputDataBit(GPIOE, GPIO_Pin_4)
  63:HW/EXTI/exti.c **** #define KEY1  GPIO_ReadInputDataBit(GPIOE, GPIO_Pin_3)
  64:HW/EXTI/exti.c **** #define KEYUP GPIO_ReadInputDataBit(GPIOA, GPIO_Pin_0)
  65:HW/EXTI/exti.c **** #define LED0  PBout(5)
  66:HW/EXTI/exti.c **** #define LED1  PEout(5)
  67:HW/EXTI/exti.c **** 
  68:HW/EXTI/exti.c **** 
  69:HW/EXTI/exti.c **** /* 中断服务函数 */
  70:HW/EXTI/exti.c **** void EXTI0_IRQHandler(){
 190              		.loc 1 70 24 is_stmt 1 view -0
 191              		.cfi_startproc
 192              		@ args = 0, pretend = 0, frame = 0
 193              		@ frame_needed = 0, uses_anonymous_args = 0
 194 0000 08B5     		push	{r3, lr}
 195              	.LCFI3:
 196              		.cfi_def_cfa_offset 8
 197              		.cfi_offset 3, -8
 198              		.cfi_offset 14, -4
  71:HW/EXTI/exti.c ****     delay_ms(10);
 199              		.loc 1 71 5 view .LVU67
 200 0002 0A20     		movs	r0, #10
 201 0004 FFF7FEFF 		bl	delay_ms
 202              	.LVL10:
  72:HW/EXTI/exti.c ****     if(KEYUP == 1){
 203              		.loc 1 72 5 view .LVU68
 204              		.loc 1 72 8 is_stmt 0 view .LVU69
 205 0008 0121     		movs	r1, #1
 206 000a 0D48     		ldr	r0, .L7
 207 000c FFF7FEFF 		bl	GPIO_ReadInputDataBit
 208              	.LVL11:
 209              		.loc 1 72 7 view .LVU70
 210 0010 0128     		cmp	r0, #1
 211 0012 03D0     		beq	.L6
 212              	.L4:
  73:HW/EXTI/exti.c ****         LED0 = !LED0;
  74:HW/EXTI/exti.c ****         LED1 = !LED1;
  75:HW/EXTI/exti.c ****     }
  76:HW/EXTI/exti.c ****     /* 中断服务函数退出前要手动清除中断标志位 */
ARM GAS  C:\Users\86157\AppData\Local\Temp\ccHEUIEd.s 			page 6


  77:HW/EXTI/exti.c ****     EXTI_ClearITPendingBit(EXTI_Line0);
 213              		.loc 1 77 5 is_stmt 1 view .LVU71
 214 0014 0120     		movs	r0, #1
 215 0016 FFF7FEFF 		bl	EXTI_ClearITPendingBit
 216              	.LVL12:
  78:HW/EXTI/exti.c **** }
 217              		.loc 1 78 1 is_stmt 0 view .LVU72
 218 001a 08BD     		pop	{r3, pc}
 219              	.L6:
  73:HW/EXTI/exti.c ****         LED0 = !LED0;
 220              		.loc 1 73 9 is_stmt 1 view .LVU73
  73:HW/EXTI/exti.c ****         LED0 = !LED0;
 221              		.loc 1 73 17 is_stmt 0 view .LVU74
 222 001c 094A     		ldr	r2, .L7+4
 223 001e D2F89431 		ldr	r3, [r2, #404]
  73:HW/EXTI/exti.c ****         LED0 = !LED0;
 224              		.loc 1 73 16 view .LVU75
 225 0022 B3FA83F3 		clz	r3, r3
 226 0026 5B09     		lsrs	r3, r3, #5
  73:HW/EXTI/exti.c ****         LED0 = !LED0;
 227              		.loc 1 73 14 view .LVU76
 228 0028 C2F89431 		str	r3, [r2, #404]
  74:HW/EXTI/exti.c ****     }
 229              		.loc 1 74 9 is_stmt 1 view .LVU77
  74:HW/EXTI/exti.c ****     }
 230              		.loc 1 74 17 is_stmt 0 view .LVU78
 231 002c 02F5C032 		add	r2, r2, #98304
 232 0030 D2F89431 		ldr	r3, [r2, #404]
  74:HW/EXTI/exti.c ****     }
 233              		.loc 1 74 16 view .LVU79
 234 0034 B3FA83F3 		clz	r3, r3
 235 0038 5B09     		lsrs	r3, r3, #5
  74:HW/EXTI/exti.c ****     }
 236              		.loc 1 74 14 view .LVU80
 237 003a C2F89431 		str	r3, [r2, #404]
 238 003e E9E7     		b	.L4
 239              	.L8:
 240              		.align	2
 241              	.L7:
 242 0040 00080140 		.word	1073809408
 243 0044 00802142 		.word	1109491712
 244              		.cfi_endproc
 245              	.LFE30:
 247              		.section	.text.EXTI3_IRQHandler,"ax",%progbits
 248              		.align	1
 249              		.global	EXTI3_IRQHandler
 250              		.syntax unified
 251              		.thumb
 252              		.thumb_func
 254              	EXTI3_IRQHandler:
 255              	.LFB31:
  79:HW/EXTI/exti.c **** void EXTI3_IRQHandler(){
 256              		.loc 1 79 24 is_stmt 1 view -0
 257              		.cfi_startproc
 258              		@ args = 0, pretend = 0, frame = 0
 259              		@ frame_needed = 0, uses_anonymous_args = 0
 260 0000 08B5     		push	{r3, lr}
ARM GAS  C:\Users\86157\AppData\Local\Temp\ccHEUIEd.s 			page 7


 261              	.LCFI4:
 262              		.cfi_def_cfa_offset 8
 263              		.cfi_offset 3, -8
 264              		.cfi_offset 14, -4
  80:HW/EXTI/exti.c ****     delay_ms(10);
 265              		.loc 1 80 5 view .LVU82
 266 0002 0A20     		movs	r0, #10
 267 0004 FFF7FEFF 		bl	delay_ms
 268              	.LVL13:
  81:HW/EXTI/exti.c ****     if(KEY1 == 0){
 269              		.loc 1 81 5 view .LVU83
 270              		.loc 1 81 8 is_stmt 0 view .LVU84
 271 0008 0821     		movs	r1, #8
 272 000a 0848     		ldr	r0, .L12
 273 000c FFF7FEFF 		bl	GPIO_ReadInputDataBit
 274              	.LVL14:
 275              		.loc 1 81 7 view .LVU85
 276 0010 38B9     		cbnz	r0, .L10
  82:HW/EXTI/exti.c ****         LED1 = !LED1;
 277              		.loc 1 82 9 is_stmt 1 view .LVU86
 278              		.loc 1 82 17 is_stmt 0 view .LVU87
 279 0012 074A     		ldr	r2, .L12+4
 280 0014 D2F89431 		ldr	r3, [r2, #404]
 281              		.loc 1 82 16 view .LVU88
 282 0018 B3FA83F3 		clz	r3, r3
 283 001c 5B09     		lsrs	r3, r3, #5
 284              		.loc 1 82 14 view .LVU89
 285 001e C2F89431 		str	r3, [r2, #404]
 286              	.L10:
  83:HW/EXTI/exti.c ****     }
  84:HW/EXTI/exti.c ****     /* 中断服务函数退出前要手动清除中断标志位 */
  85:HW/EXTI/exti.c ****     EXTI_ClearITPendingBit(EXTI_Line3);
 287              		.loc 1 85 5 is_stmt 1 view .LVU90
 288 0022 0820     		movs	r0, #8
 289 0024 FFF7FEFF 		bl	EXTI_ClearITPendingBit
 290              	.LVL15:
  86:HW/EXTI/exti.c **** }
 291              		.loc 1 86 1 is_stmt 0 view .LVU91
 292 0028 08BD     		pop	{r3, pc}
 293              	.L13:
 294 002a 00BF     		.align	2
 295              	.L12:
 296 002c 00180140 		.word	1073813504
 297 0030 00002342 		.word	1109590016
 298              		.cfi_endproc
 299              	.LFE31:
 301              		.section	.text.EXTI4_IRQHandler,"ax",%progbits
 302              		.align	1
 303              		.global	EXTI4_IRQHandler
 304              		.syntax unified
 305              		.thumb
 306              		.thumb_func
 308              	EXTI4_IRQHandler:
 309              	.LFB32:
  87:HW/EXTI/exti.c **** void EXTI4_IRQHandler(){
 310              		.loc 1 87 24 is_stmt 1 view -0
 311              		.cfi_startproc
ARM GAS  C:\Users\86157\AppData\Local\Temp\ccHEUIEd.s 			page 8


 312              		@ args = 0, pretend = 0, frame = 0
 313              		@ frame_needed = 0, uses_anonymous_args = 0
 314 0000 08B5     		push	{r3, lr}
 315              	.LCFI5:
 316              		.cfi_def_cfa_offset 8
 317              		.cfi_offset 3, -8
 318              		.cfi_offset 14, -4
  88:HW/EXTI/exti.c ****     delay_ms(10);
 319              		.loc 1 88 5 view .LVU93
 320 0002 0A20     		movs	r0, #10
 321 0004 FFF7FEFF 		bl	delay_ms
 322              	.LVL16:
  89:HW/EXTI/exti.c ****     if(KEY0 == 0){
 323              		.loc 1 89 5 view .LVU94
 324              		.loc 1 89 8 is_stmt 0 view .LVU95
 325 0008 1021     		movs	r1, #16
 326 000a 0848     		ldr	r0, .L17
 327 000c FFF7FEFF 		bl	GPIO_ReadInputDataBit
 328              	.LVL17:
 329              		.loc 1 89 7 view .LVU96
 330 0010 38B9     		cbnz	r0, .L15
  90:HW/EXTI/exti.c ****         LED0 = !LED0;
 331              		.loc 1 90 9 is_stmt 1 view .LVU97
 332              		.loc 1 90 17 is_stmt 0 view .LVU98
 333 0012 074A     		ldr	r2, .L17+4
 334 0014 D2F89431 		ldr	r3, [r2, #404]
 335              		.loc 1 90 16 view .LVU99
 336 0018 B3FA83F3 		clz	r3, r3
 337 001c 5B09     		lsrs	r3, r3, #5
 338              		.loc 1 90 14 view .LVU100
 339 001e C2F89431 		str	r3, [r2, #404]
 340              	.L15:
  91:HW/EXTI/exti.c ****     }
  92:HW/EXTI/exti.c ****     /* 中断服务函数退出前要手动清除中断标志位 */
  93:HW/EXTI/exti.c ****     EXTI_ClearITPendingBit(EXTI_Line4);
 341              		.loc 1 93 5 is_stmt 1 view .LVU101
 342 0022 1020     		movs	r0, #16
 343 0024 FFF7FEFF 		bl	EXTI_ClearITPendingBit
 344              	.LVL18:
  94:HW/EXTI/exti.c **** }
 345              		.loc 1 94 1 is_stmt 0 view .LVU102
 346 0028 08BD     		pop	{r3, pc}
 347              	.L18:
 348 002a 00BF     		.align	2
 349              	.L17:
 350 002c 00180140 		.word	1073813504
 351 0030 00802142 		.word	1109491712
 352              		.cfi_endproc
 353              	.LFE32:
 355              		.section	.text.EXTI_Run,"ax",%progbits
 356              		.align	1
 357              		.global	EXTI_Run
 358              		.syntax unified
 359              		.thumb
 360              		.thumb_func
 362              	EXTI_Run:
 363              	.LFB33:
ARM GAS  C:\Users\86157\AppData\Local\Temp\ccHEUIEd.s 			page 9


  95:HW/EXTI/exti.c **** 
  96:HW/EXTI/exti.c **** /* 初始化函数 */
  97:HW/EXTI/exti.c **** extern void KEY_Init();
  98:HW/EXTI/exti.c **** extern void LED_Init_Hal(void);
  99:HW/EXTI/exti.c **** 
 100:HW/EXTI/exti.c **** 
 101:HW/EXTI/exti.c **** void EXTI_Run(){
 364              		.loc 1 101 16 is_stmt 1 view -0
 365              		.cfi_startproc
 366              		@ Volatile: function does not return.
 367              		@ args = 0, pretend = 0, frame = 0
 368              		@ frame_needed = 0, uses_anonymous_args = 0
 369 0000 08B5     		push	{r3, lr}
 370              	.LCFI6:
 371              		.cfi_def_cfa_offset 8
 372              		.cfi_offset 3, -8
 373              		.cfi_offset 14, -4
 102:HW/EXTI/exti.c ****     /* 初始化中断优先级分组 */
 103:HW/EXTI/exti.c ****     NVIC_PriorityGroupConfig(NVIC_PriorityGroup_2);
 374              		.loc 1 103 5 view .LVU104
 375 0002 4FF4A060 		mov	r0, #1280
 376 0006 FFF7FEFF 		bl	NVIC_PriorityGroupConfig
 377              	.LVL19:
 104:HW/EXTI/exti.c **** 
 105:HW/EXTI/exti.c ****     /* 初始化延迟 */
 106:HW/EXTI/exti.c ****     delay_init();
 378              		.loc 1 106 5 view .LVU105
 379 000a FFF7FEFF 		bl	delay_init
 380              	.LVL20:
 107:HW/EXTI/exti.c **** 
 108:HW/EXTI/exti.c ****     /* 初始化LED */
 109:HW/EXTI/exti.c ****     LED_Init_Hal();
 381              		.loc 1 109 5 view .LVU106
 382 000e FFF7FEFF 		bl	LED_Init_Hal
 383              	.LVL21:
 110:HW/EXTI/exti.c **** 
 111:HW/EXTI/exti.c ****     /* 初始化按键IO脚 */
 112:HW/EXTI/exti.c ****     KEY_Init();
 384              		.loc 1 112 5 view .LVU107
 385 0012 FFF7FEFF 		bl	KEY_Init
 386              	.LVL22:
 113:HW/EXTI/exti.c **** 
 114:HW/EXTI/exti.c ****     /* 初始化外部中断 */
 115:HW/EXTI/exti.c ****     EXTIX_Init();
 387              		.loc 1 115 5 view .LVU108
 388 0016 FFF7FEFF 		bl	EXTIX_Init
 389              	.LVL23:
 390              	.L20:
 116:HW/EXTI/exti.c **** 
 117:HW/EXTI/exti.c ****     /* 等待 */
 118:HW/EXTI/exti.c ****     while(1);
 391              		.loc 1 118 5 discriminator 1 view .LVU109
 392              		.loc 1 118 10 discriminator 1 view .LVU110
 393 001a FEE7     		b	.L20
 394              		.cfi_endproc
 395              	.LFE33:
 397              		.text
ARM GAS  C:\Users\86157\AppData\Local\Temp\ccHEUIEd.s 			page 10


 398              	.Letext0:
 399              		.file 2 "e:\\windows\\programs\\arm-gnu-toolchain-12.2.mpacbti-bet1-mingw-w64-i686-arm-none-eabi\\
 400              		.file 3 "e:\\windows\\programs\\arm-gnu-toolchain-12.2.mpacbti-bet1-mingw-w64-i686-arm-none-eabi\\
 401              		.file 4 "USER/stm32f10x.h"
 402              		.file 5 "STM32F10x_FWLib/inc/stm32f10x_exti.h"
 403              		.file 6 "STM32F10x_FWLib/inc/misc.h"
 404              		.file 7 "SYSTEM/delay/delay.h"
 405              		.file 8 "STM32F10x_FWLib/inc/stm32f10x_gpio.h"
 406              		.file 9 "STM32F10x_FWLib/inc/stm32f10x_rcc.h"
ARM GAS  C:\Users\86157\AppData\Local\Temp\ccHEUIEd.s 			page 11


DEFINED SYMBOLS
                            *ABS*:00000000 exti.c
C:\Users\86157\AppData\Local\Temp\ccHEUIEd.s:19     .text.EXTIX_Init:00000000 $t
C:\Users\86157\AppData\Local\Temp\ccHEUIEd.s:25     .text.EXTIX_Init:00000000 EXTIX_Init
C:\Users\86157\AppData\Local\Temp\ccHEUIEd.s:182    .text.EXTI0_IRQHandler:00000000 $t
C:\Users\86157\AppData\Local\Temp\ccHEUIEd.s:188    .text.EXTI0_IRQHandler:00000000 EXTI0_IRQHandler
C:\Users\86157\AppData\Local\Temp\ccHEUIEd.s:242    .text.EXTI0_IRQHandler:00000040 $d
C:\Users\86157\AppData\Local\Temp\ccHEUIEd.s:248    .text.EXTI3_IRQHandler:00000000 $t
C:\Users\86157\AppData\Local\Temp\ccHEUIEd.s:254    .text.EXTI3_IRQHandler:00000000 EXTI3_IRQHandler
C:\Users\86157\AppData\Local\Temp\ccHEUIEd.s:296    .text.EXTI3_IRQHandler:0000002c $d
C:\Users\86157\AppData\Local\Temp\ccHEUIEd.s:302    .text.EXTI4_IRQHandler:00000000 $t
C:\Users\86157\AppData\Local\Temp\ccHEUIEd.s:308    .text.EXTI4_IRQHandler:00000000 EXTI4_IRQHandler
C:\Users\86157\AppData\Local\Temp\ccHEUIEd.s:350    .text.EXTI4_IRQHandler:0000002c $d
C:\Users\86157\AppData\Local\Temp\ccHEUIEd.s:356    .text.EXTI_Run:00000000 $t
C:\Users\86157\AppData\Local\Temp\ccHEUIEd.s:362    .text.EXTI_Run:00000000 EXTI_Run

UNDEFINED SYMBOLS
RCC_APB2PeriphClockCmd
GPIO_EXTILineConfig
EXTI_Init
NVIC_Init
delay_ms
GPIO_ReadInputDataBit
EXTI_ClearITPendingBit
NVIC_PriorityGroupConfig
delay_init
LED_Init_Hal
KEY_Init
