ARM GAS  C:\Users\86157\AppData\Local\Temp\cc6vY4sO.s 			page 1


   1              		.cpu cortex-m3
   2              		.arch armv7-m
   3              		.fpu softvfp
   4              		.eabi_attribute 20, 1
   5              		.eabi_attribute 21, 1
   6              		.eabi_attribute 23, 3
   7              		.eabi_attribute 24, 1
   8              		.eabi_attribute 25, 1
   9              		.eabi_attribute 26, 1
  10              		.eabi_attribute 30, 1
  11              		.eabi_attribute 34, 1
  12              		.eabi_attribute 18, 4
  13              		.file	"main.c"
  14              		.text
  15              	.Ltext0:
  16              		.cfi_sections	.debug_frame
  17              		.file 1 "USER/main.c"
  18              		.section	.text.main,"ax",%progbits
  19              		.align	1
  20              		.global	main
  21              		.syntax unified
  22              		.thumb
  23              		.thumb_func
  25              	main:
  26              	.LFB0:
   1:USER/main.c   **** 
   2:USER/main.c   **** /* 蜂鸣器实验 */
   3:USER/main.c   **** extern void BEEP_Bit();
   4:USER/main.c   **** /* 外部中断实验 */
   5:USER/main.c   **** extern void EXTI_Run();
   6:USER/main.c   **** /* 按键实验 */
   7:USER/main.c   **** extern void KEY_RUN();
   8:USER/main.c   **** /* LED实验 */
   9:USER/main.c   **** extern void LED_HAL();
  10:USER/main.c   **** extern void LED_Register();
  11:USER/main.c   **** extern void LED_Bit();
  12:USER/main.c   **** /* 串口实验 */
  13:USER/main.c   **** extern void USART1_Run();
  14:USER/main.c   **** /* 独立看门狗实验 */
  15:USER/main.c   **** extern void IWDG_Run();
  16:USER/main.c   **** /* 窗口看门狗实验 */
  17:USER/main.c   **** extern void WWDG_Run();
  18:USER/main.c   **** /* 定时器实验 */
  19:USER/main.c   **** extern void TIM3_Run();				// 定时器中断
  20:USER/main.c   **** extern void TIM3_PWMOut_Run();		// 定时器PWM输出
  21:USER/main.c   **** extern void TIM5_Cap_Run();			// 定时器输入捕获
  22:USER/main.c   **** /* TPAD电容按键实验 */
  23:USER/main.c   **** extern void TPAD_Run();
  24:USER/main.c   **** /* DMA实验 */
  25:USER/main.c   **** extern void DMA_USART_Run();
  26:USER/main.c   **** /* EEPROM实验 */
  27:USER/main.c   **** extern void I2C_Software_Run();		// 软件仿真I2C协议读写EEPROM
  28:USER/main.c   **** extern void I2C_Hardware_Run();		// 硬件I2C读写EEPROM
  29:USER/main.c   **** /* FLASH实验 */
  30:USER/main.c   **** extern void Flash_EX_Run();			// 外部flash读写测试
  31:USER/main.c   **** extern void Flash_EX_FatFs_Run();	// 外部flash安装FatFs文件系统
  32:USER/main.c   **** /* SD卡实验 */
ARM GAS  C:\Users\86157\AppData\Local\Temp\cc6vY4sO.s 			page 2


  33:USER/main.c   **** extern void SDCard_Run();			// SD卡读写测试
  34:USER/main.c   **** extern void SDCard_Fats_Run();		// SD卡FatFs文件系统
  35:USER/main.c   **** /* LCD实验 */
  36:USER/main.c   **** extern void LCD_Run();				// LCD底层驱动实验
  37:USER/main.c   **** extern void Font_Download();		// 字体文件烧录实验（从SD卡烧录到Flash）
  38:USER/main.c   **** /* 触摸屏实验 */
  39:USER/main.c   **** extern void Touch_Run();
  40:USER/main.c   **** 
  41:USER/main.c   **** int main(){
  27              		.loc 1 41 11 view -0
  28              		.cfi_startproc
  29              		@ args = 0, pretend = 0, frame = 0
  30              		@ frame_needed = 0, uses_anonymous_args = 0
  31 0000 08B5     		push	{r3, lr}
  32              	.LCFI0:
  33              		.cfi_def_cfa_offset 8
  34              		.cfi_offset 3, -8
  35              		.cfi_offset 14, -4
  42:USER/main.c   **** 	Touch_Run();
  36              		.loc 1 42 2 view .LVU1
  37 0002 FFF7FEFF 		bl	Touch_Run
  38              	.LVL0:
  43:USER/main.c   **** }...
  39              		.loc 1 43 1 is_stmt 0 view .LVU2
  40 0006 0020     		movs	r0, #0
  41 0008 08BD     		pop	{r3, pc}
  42              		.cfi_endproc
  43              	.LFE0:
  45              		.text
  46              	.Letext0:
ARM GAS  C:\Users\86157\AppData\Local\Temp\cc6vY4sO.s 			page 3


DEFINED SYMBOLS
                            *ABS*:00000000 main.c
C:\Users\86157\AppData\Local\Temp\cc6vY4sO.s:19     .text.main:00000000 $t
C:\Users\86157\AppData\Local\Temp\cc6vY4sO.s:25     .text.main:00000000 main

UNDEFINED SYMBOLS
Touch_Run
